UtahGreekFestival/build/outputs/logs/manifest-merger-debug-report.txt
-- Merging decision tree log ---
manifest
ADDED from SaltLakeGreekFestival\UtahGreekFestival\AndroidManifest.xml:2:1-49:12
	package
		ADDED from SaltLakeGreekFestival\UtahGreekFestival\AndroidManifest.xml:3:5-49
	android:versionName
		ADDED from SaltLakeGreekFestival\UtahGreekFestival\AndroidManifest.xml:5:5-30
		INJECTED from SaltLakeGreekFestival\UtahGreekFestival\AndroidManifest.xml
		INJECTED from SaltLakeGreekFestival\UtahGreekFestival\AndroidManifest.xml
	android:versionCode
		ADDED from SaltLakeGreekFestival\UtahGreekFestival\AndroidManifest.xml:4:5-28
		INJECTED from SaltLakeGreekFestival\UtahGreekFestival\AndroidManifest.xml
		INJECTED from SaltLakeGreekFestival\UtahGreekFestival\AndroidManifest.xml
	xmlns:android
		ADDED from SaltLakeGreekFestival\UtahGreekFestival\AndroidManifest.xml:2:11-69
uses-sdk
ADDED from SaltLakeGreekFestival\UtahGreekFestival\AndroidManifest.xml:7:5-9:41
	android:targetSdkVersion
		ADDED from SaltLakeGreekFestival\UtahGreekFestival\AndroidManifest.xml:9:9-38
	android:minSdkVersion
		ADDED from SaltLakeGreekFestival\UtahGreekFestival\AndroidManifest.xml:8:9-35
permission#com.saltlakegreekfestival.utahgreekfestival.permission.MAPS_RECEIVE
ADDED from SaltLakeGreekFestival\UtahGreekFestival\AndroidManifest.xml:10:5-12:47
	android:protectionLevel
		ADDED from SaltLakeGreekFestival\UtahGreekFestival\AndroidManifest.xml:12:9-44
	android:name
		ADDED from SaltLakeGreekFestival\UtahGreekFestival\AndroidManifest.xml:11:9-91
uses-permission#com.saltlakegreekfestival.utahgreekfestival.permission.MAPS_RECEIVE
ADDED from SaltLakeGreekFestival\UtahGreekFestival\AndroidManifest.xml:14:5-107
	android:name
		ADDED from SaltLakeGreekFestival\UtahGreekFestival\AndroidManifest.xml:14:22-104
uses-permission#android.permission.INTERNET
ADDED from SaltLakeGreekFestival\UtahGreekFestival\AndroidManifest.xml:16:5-67
	android:name
		ADDED from SaltLakeGreekFestival\UtahGreekFestival\AndroidManifest.xml:16:22-64
uses-permission#android.permission.ACCESS_NETWORK_STATE
ADDED from SaltLakeGreekFestival\UtahGreekFestival\AndroidManifest.xml:17:5-79
	android:name
		ADDED from SaltLakeGreekFestival\UtahGreekFestival\AndroidManifest.xml:17:22-76
uses-permission#android.permission.WRITE_EXTERNAL_STORAGE
ADDED from SaltLakeGreekFestival\UtahGreekFestival\AndroidManifest.xml:18:5-81
	android:name
		ADDED from SaltLakeGreekFestival\UtahGreekFestival\AndroidManifest.xml:18:22-78
uses-permission#com.google.android.providers.gsf.permission.READ_GSERVICES
ADDED from SaltLakeGreekFestival\UtahGreekFestival\AndroidManifest.xml:19:5-98
	android:name
		ADDED from SaltLakeGreekFestival\UtahGreekFestival\AndroidManifest.xml:19:22-95
uses-permission#android.permission.ACCESS_COARSE_LOCATION
ADDED from SaltLakeGreekFestival\UtahGreekFestival\AndroidManifest.xml:22:5-81
	android:name
		ADDED from SaltLakeGreekFestival\UtahGreekFestival\AndroidManifest.xml:22:22-78
uses-permission#android.permission.ACCESS_FINE_LOCATION
ADDED from SaltLakeGreekFestival\UtahGreekFestival\AndroidManifest.xml:23:5-79
	android:name
		ADDED from SaltLakeGreekFestival\UtahGreekFestival\AndroidManifest.xml:23:22-76
uses-feature#0x00020000
ADDED from SaltLakeGreekFestival\UtahGreekFestival\AndroidManifest.xml:25:5-27:35
	android:glEsVersion
		ADDED from SaltLakeGreekFestival\UtahGreekFestival\AndroidManifest.xml:26:9-41
	android:required
		ADDED from SaltLakeGreekFestival\UtahGreekFestival\AndroidManifest.xml:27:9-32
application
ADDED from SaltLakeGreekFestival\UtahGreekFestival\AndroidManifest.xml:29:5-47:19
	android:label
		ADDED from SaltLakeGreekFestival\UtahGreekFestival\AndroidManifest.xml:32:9-41
	android:allowBackup
		ADDED from SaltLakeGreekFestival\UtahGreekFestival\AndroidManifest.xml:30:9-35
	android:icon
		ADDED from SaltLakeGreekFestival\UtahGreekFestival\AndroidManifest.xml:31:9-45
activity#com.saltlakegreekfestival.utahgreekfestival.MainActivity
ADDED from SaltLakeGreekFestival\UtahGreekFestival\AndroidManifest.xml:33:9-42:20
	android:screenOrientation
		ADDED from SaltLakeGreekFestival\UtahGreekFestival\AndroidManifest.xml:36:13-49
	android:label
		ADDED from SaltLakeGreekFestival\UtahGreekFestival\AndroidManifest.xml:35:13-56
	android:name
		ADDED from SaltLakeGreekFestival\UtahGreekFestival\AndroidManifest.xml:34:13-84
intent-filter#android.intent.action.MAIN+android.intent.category.LAUNCHER
ADDED from SaltLakeGreekFestival\UtahGreekFestival\AndroidManifest.xml:37:13-41:29
action#android.intent.action.MAIN
ADDED from SaltLakeGreekFestival\UtahGreekFestival\AndroidManifest.xml:38:17-69
	android:name
		ADDED from SaltLakeGreekFestival\UtahGreekFestival\AndroidManifest.xml:38:25-66
category#android.intent.category.LAUNCHER
ADDED from SaltLakeGreekFestival\UtahGreekFestival\AndroidManifest.xml:40:17-77
	android:name
		ADDED from SaltLakeGreekFestival\UtahGreekFestival\AndroidManifest.xml:40:27-74
meta-data#com.google.android.maps.v2.API_KEY
ADDED from SaltLakeGreekFestival\UtahGreekFestival\AndroidManifest.xml:44:9-46:71
	android:value
		ADDED from SaltLakeGreekFestival\UtahGreekFestival\AndroidManifest.xml:46:13-68
	android:name
		ADDED from SaltLakeGreekFestival\UtahGreekFestival\AndroidManifest.xml:45:13-62